<?xml version="1.0" encoding="UTF-8"?>
<!-- Generated by org.testng.reporters.JUnitXMLReporter -->
<testsuite ignored="0" hostname="DESKTOP-CJN9AFV" failures="0" tests="20" name="Default test" time="192.033" errors="0" timestamp="2025-10-09T23:09:36 IST">
  <testcase classname="com.thetestingacademy.tests.vwo.DataDrivenTesting.DataDrivenTesting" name="test_vwo_login" time="7.307"/>
  <testcase classname="com.thetestingacademy.tests.vwo.DataDrivenTesting.DataDrivenTesting" name="test_vwo_login" time="9.124"/>
  <testcase classname="com.thetestingacademy.tests.vwo.DataDrivenTesting.DataDrivenTesting" name="test_vwo_login" time="8.39"/>
  <testcase classname="com.thetestingacademy.tests.vwo.DataDrivenTesting.DataDrivenTesting" name="test_vwo_login" time="9.018"/>
  <testcase classname="com.thetestingacademy.tests.vwo.DataDrivenTesting.DataDrivenTesting" name="test_vwo_login" time="7.084"/>
  <testcase classname="com.thetestingacademy.tests.vwo.DataDrivenTesting.DataDrivenTesting" name="test_vwo_login" time="6.571"/>
  <testcase classname="com.thetestingacademy.tests.vwo.DataDrivenTesting.DataDrivenTesting" name="test_vwo_login" time="8.432"/>
  <testcase classname="com.thetestingacademy.tests.vwo.DataDrivenTesting.DataDrivenTesting" name="test_vwo_login" time="8.94"/>
  <testcase classname="com.thetestingacademy.tests.vwo.DataDrivenTesting.DataDrivenTesting" name="test_vwo_login" time="8.557"/>
  <testcase classname="com.thetestingacademy.tests.vwo.DataDrivenTesting.DataDrivenTesting" name="test_vwo_login" time="7.438"/>
  <testcase classname="com.thetestingacademy.tests.vwo.DataDrivenTesting.DataDrivenTesting" name="test_vwo_login" time="9.461"/>
  <testcase classname="com.thetestingacademy.tests.vwo.DataDrivenTesting.DataDrivenTesting" name="test_vwo_login" time="8.97"/>
  <testcase classname="com.thetestingacademy.tests.vwo.DataDrivenTesting.DataDrivenTesting" name="test_vwo_login" time="8.801"/>
  <testcase classname="com.thetestingacademy.tests.vwo.DataDrivenTesting.DataDrivenTesting" name="test_vwo_login" time="8.414"/>
  <testcase classname="com.thetestingacademy.tests.vwo.DataDrivenTesting.DataDrivenTesting" name="test_vwo_login" time="7.607"/>
  <testcase classname="com.thetestingacademy.tests.vwo.DataDrivenTesting.DataDrivenTesting" name="test_vwo_login" time="8.479"/>
  <testcase classname="com.thetestingacademy.tests.vwo.DataDrivenTesting.DataDrivenTesting" name="test_vwo_login" time="9.41"/>
  <testcase classname="com.thetestingacademy.tests.vwo.DataDrivenTesting.DataDrivenTesting" name="test_vwo_login" time="7.827"/>
  <testcase classname="com.thetestingacademy.tests.vwo.DataDrivenTesting.DataDrivenTesting" name="test_vwo_login" time="6.716"/>
  <testcase classname="com.thetestingacademy.tests.vwo.DataDrivenTesting.DataDrivenTesting" name="test_vwo_login" time="7.039"/>
</testsuite> <!-- Default test -->
