<?xml version="1.0" encoding="UTF-8"?>
<!-- Generated by org.testng.reporters.JUnitXMLReporter -->
<testsuite ignored="0" hostname="DESKTOP-CJN9AFV" failures="0" tests="2" name="Test" time="34.789" errors="0" timestamp="2025-10-04T13:20:16 IST">
  <testcase classname="com.thetestingacademy.tests.vwo.pageObjectModelTC.TestVWOLogin_02_Prop_POM" name="testLoginPositiveVWO" time="20.141"/>
  <testcase classname="com.thetestingacademy.tests.vwo.pageObjectModelTC.TestVWOLogin_02_Prop_POM" name="test_negative_vwo_login" time="10.33"/>
</testsuite> <!-- Test -->
