<?xml version="1.0" encoding="UTF-8"?>
<testng-results ignored="0" total="2" passed="2" failed="0" skipped="0">
  <reporter-output>
  </reporter-output>
  <suite started-at="2025-10-11T16:58:06 IST" name="Suite" finished-at="2025-10-11T16:58:34 IST" duration-ms="28410">
    <groups>
    </groups>
    <test started-at="2025-10-11T16:58:06 IST" name="Test" finished-at="2025-10-11T16:58:34 IST" duration-ms="28410">
      <class name="com.thetestingacademy.tests.vwo.pageObjectModelTC.TestVWOLogin_01_Normal_POM">
        <test-method signature="test_negative_vwo_login()[pri:0, instance:com.thetestingacademy.tests.vwo.pageObjectModelTC.TestVWOLogin_01_Normal_POM@7fb95505]" started-at="2025-10-11T16:58:06 IST" name="test_negative_vwo_login" finished-at="2025-10-11T16:58:17 IST" duration-ms="11185" status="PASS">
          <reporter-output>
          </reporter-output>
        </test-method> <!-- test_negative_vwo_login -->
        <test-method signature="testLoginPositiveVWO()[pri:0, instance:com.thetestingacademy.tests.vwo.pageObjectModelTC.TestVWOLogin_01_Normal_POM@7fb95505]" started-at="2025-10-11T16:58:17 IST" name="testLoginPositiveVWO" finished-at="2025-10-11T16:58:34 IST" duration-ms="16890" status="PASS">
          <reporter-output>
          </reporter-output>
        </test-method> <!-- testLoginPositiveVWO -->
      </class> <!-- com.thetestingacademy.tests.vwo.pageObjectModelTC.TestVWOLogin_01_Normal_POM -->
    </test> <!-- Test -->
  </suite> <!-- Suite -->
</testng-results>
