<?xml version="1.0" encoding="UTF-8"?>
<testng-results ignored="0" total="1" passed="1" failed="0" skipped="0">
  <reporter-output>
  </reporter-output>
  <suite started-at="2025-10-05T00:36:34 IST" name="Default suite" finished-at="2025-10-05T00:36:52 IST" duration-ms="18396">
    <groups>
    </groups>
    <test started-at="2025-10-05T00:36:34 IST" name="Default test" finished-at="2025-10-05T00:36:52 IST" duration-ms="18396">
      <class name="com.thetestingacademy.tests.vwo.pageFactoryTC.TestVWOLogin_PF">
        <test-method is-config="true" signature="setup()[pri:0, instance:com.thetestingacademy.tests.vwo.pageFactoryTC.TestVWOLogin_PF@475b7792]" started-at="2025-10-05T00:36:34 IST" name="setup" finished-at="2025-10-05T00:36:37 IST" duration-ms="2695" status="PASS">
          <reporter-output>
          </reporter-output>
        </test-method> <!-- setup -->
        <test-method signature="testLoginNegativeVWO_PF()[pri:0, instance:com.thetestingacademy.tests.vwo.pageFactoryTC.TestVWOLogin_PF@475b7792]" started-at="2025-10-05T00:36:37 IST" name="testLoginNegativeVWO_PF" finished-at="2025-10-05T00:36:51 IST" duration-ms="14684" status="PASS">
          <reporter-output>
          </reporter-output>
        </test-method> <!-- testLoginNegativeVWO_PF -->
        <test-method is-config="true" signature="tearDown()[pri:0, instance:com.thetestingacademy.tests.vwo.pageFactoryTC.TestVWOLogin_PF@475b7792]" started-at="2025-10-05T00:36:52 IST" name="tearDown" finished-at="2025-10-05T00:36:52 IST" duration-ms="748" status="PASS">
          <reporter-output>
          </reporter-output>
        </test-method> <!-- tearDown -->
      </class> <!-- com.thetestingacademy.tests.vwo.pageFactoryTC.TestVWOLogin_PF -->
    </test> <!-- Default test -->
  </suite> <!-- Default suite -->
</testng-results>
